Arguments: 
  /Users/omarkhaled/.nvm/versions/node/v16.15.1/bin/node /Users/omarkhaled/.nvm/versions/node/v16.15.1/bin/yarn init

PATH: 
  ./bin:./node_modules/.bin:/Users/omarkhaled/.nvm/versions/node/v16.15.1/bin:/Users/omarkhaled/.rbenv/shims:/Users/omarkhaled/.rbenv/bin:/Users/omarkhaled/.pyenv/bin:/usr/local/bin:/usr/bin:/bin:/usr/sbin:/sbin:/usr/local/sbin

Yarn version: 
  1.22.19

Node version: 
  16.15.1

Platform: 
  darwin x64

Trace: 
  SyntaxError: /Users/omarkhaled/code/omar-khaled-coder/ weding-planner/package.json: Unexpected end of JSON input
      at JSON.parse (<anonymous>)
      at /Users/omarkhaled/.nvm/versions/node/v16.15.1/lib/node_modules/yarn/lib/cli.js:1629:59
      at Generator.next (<anonymous>)
      at step (/Users/omarkhaled/.nvm/versions/node/v16.15.1/lib/node_modules/yarn/lib/cli.js:310:30)
      at /Users/omarkhaled/.nvm/versions/node/v16.15.1/lib/node_modules/yarn/lib/cli.js:321:13

npm manifest: 
  

yarn manifest: 
  No manifest

Lockfile: 
  # THIS IS AN AUTOGENERATED FILE. DO NOT EDIT THIS FILE DIRECTLY.
  # yarn lockfile v1
  
  
  bulid@^1.0.0:
    version "1.0.0"
    resolved "https://registry.yarnpkg.com/bulid/-/bulid-1.0.0.tgz#ca5e22f8e360dae0fafd0b96a3b696300d46e23c"
    integrity sha512-DORsHOARN4ppjTJteOW2K6FwHOo9XUh3xuYkCj9qxxFa5sR/f8bJnSpLGv5qVB22YetYZa4+ZhK+y2MGA0qN7Q==
